<?xml version="1.0" encoding="UTF-8"?>
<testsuite xmlns:xsi="http://www.w3.org/2001/XMLSchema-instance" xsi:noNamespaceSchemaLocation="https://maven.apache.org/surefire/maven-surefire-plugin/xsd/surefire-test-report.xsd" name="com.speedment.jpastreamer.fieldgenerator.internal.typeparser.TypeParserTest" time="0.079" tests="7" errors="0" skipped="0" failures="0">
  <properties>
[...]
</properties>
  <testcase name="renderListOfMapOfListOfSetOfDoubleAndInteger" classname="com.speedment.jpastreamer.fieldgenerator.internal.typeparser.TypeParserTest" time="0.047"/>
  <testcase name="renderMapOfMapOfQuartetOfStringAndStringAndStringAndStringAndIntegerAndInteger" classname="com.speedment.jpastreamer.fieldgenerator.internal.typeparser.TypeParserTest" time="0.001"/>
  <testcase name="renderString" classname="com.speedment.jpastreamer.fieldgenerator.internal.typeparser.TypeParserTest" time="0.002"/>
  <testcase name="renderMapOfString" classname="com.speedment.jpastreamer.fieldgenerator.internal.typeparser.TypeParserTest" time="0.004"/>
  <testcase name="renderMapOfMapOfListOfSetOfDoubleAndIntegerAndLong" classname="com.speedment.jpastreamer.fieldgenerator.internal.typeparser.TypeParserTest" time="0.001"/>
  <testcase name="renderListOfListOfNumber" classname="com.speedment.jpastreamer.fieldgenerator.internal.typeparser.TypeParserTest" time="0.001"/>
  <testcase name="renderListOfInteger" classname="com.speedment.jpastreamer.fieldgenerator.internal.typeparser.TypeParserTest" time="0.001"/>
</testsuite>