<?xml version="1.0" encoding="UTF-8"?>
<testsuite xmlns:xsi="http://www.w3.org/2001/XMLSchema-instance" xsi:noNamespaceSchemaLocation="https://maven.apache.org/surefire/maven-surefire-plugin/xsd/surefire-test-report.xsd" name="com.speedment.jpastreamer.builder.standard.internal.StreamBuilderTest" time="0.143" tests="3" errors="0" skipped="0" failures="0">
  <properties>
[...]
</properties>
  <testcase name="filter" classname="com.speedment.jpastreamer.builder.standard.internal.StreamBuilderTest" time="0.044"/>
  <testcase name="consumed" classname="com.speedment.jpastreamer.builder.standard.internal.StreamBuilderTest" time="0.014"/>
  <testcase name="first" classname="com.speedment.jpastreamer.builder.standard.internal.StreamBuilderTest" time="0.002"/>
</testsuite>